<?xml version="1.0" encoding="UTF-8"?>
<testng-results ignored="0" total="1" passed="1" failed="0" skipped="0">
  <reporter-output>
  </reporter-output>
  <suite started-at="2024-12-03T20:28:16 EET" name="Surefire suite" finished-at="2024-12-03T20:29:23 EET" duration-ms="67273">
    <groups>
    </groups>
    <test started-at="2024-12-03T20:28:16 EET" name="Surefire test" finished-at="2024-12-03T20:29:23 EET" duration-ms="67273">
      <class name="appium.AppiumTest">
        <test-method is-config="true" signature="setUp()[pri:0, instance:appium.AppiumTest@61df66b6]" started-at="2024-12-03T20:28:16 EET" name="setUp" finished-at="2024-12-03T20:28:27 EET" duration-ms="10684" status="PASS">
          <reporter-output>
          </reporter-output>
        </test-method> <!-- setUp -->
        <test-method signature="configureAppium()[pri:0, instance:appium.AppiumTest@61df66b6]" started-at="2024-12-03T20:28:27 EET" name="configureAppium" finished-at="2024-12-03T20:29:17 EET" duration-ms="50628" status="PASS">
          <reporter-output>
          </reporter-output>
        </test-method> <!-- configureAppium -->
        <test-method is-config="true" signature="tearDown()[pri:0, instance:appium.AppiumTest@61df66b6]" started-at="2024-12-03T20:29:17 EET" name="tearDown" finished-at="2024-12-03T20:29:23 EET" duration-ms="5936" status="PASS">
          <reporter-output>
          </reporter-output>
        </test-method> <!-- tearDown -->
      </class> <!-- appium.AppiumTest -->
    </test> <!-- Surefire test -->
  </suite> <!-- Surefire suite -->
</testng-results>
