<?xml version="1.0" encoding="UTF-8"?>
<testsuite xmlns:xsi="http://www.w3.org/2001/XMLSchema-instance" xsi:noNamespaceSchemaLocation="https://maven.apache.org/surefire/maven-surefire-plugin/xsd/surefire-test-report-3.0.xsd" version="3.0" name="appium.AppiumTest" time="4.816" tests="1" errors="0" skipped="0" failures="1">
  <properties>
[...]
</properties>
  <testcase name="configureAppium" classname="appium.AppiumTest" time="2.755">
    <failure message="Could not start a new session. Response code 404. Message: The requested resource could not be found, or a request was received using an HTTP method that is not supported by the mapped resource &#10;Host info: host: &apos;ALI-MAHMOUD&apos;, ip: &apos;192.168.1.5&apos;&#10;Build info: version: &apos;4.15.0&apos;, revision: &apos;1d14b5521b&apos;&#10;System info: os.name: &apos;Windows 10&apos;, os.arch: &apos;amd64&apos;, os.version: &apos;10.0&apos;, java.version: &apos;17.0.8.1&apos;&#10;Driver info: io.appium.java_client.android.AndroidDriver&#10;Command: [null, newSession {capabilities=[{appium:deviceName=emulator-5554, platformName=ANDROID, appium:automationName=UIAutomator2, appium:app=C:\Users\ali.mahmoud\eclipse-workspace\Testappium\src\test\java\resources\Calculator.apk}], desiredCapabilities=Capabilities {appium:app: C:\Users\ali.mahmoud\eclips..., appium:automationName: UIAutomator2, appium:deviceName: emulator-5554, platformName: ANDROID}}]&#10;Capabilities {appium:app: C:\Users\ali.mahmoud\eclips..., appium:automationName: UIAutomator2, appium:deviceName: emulator-5554, platformName: ANDROID}" type="org.openqa.selenium.SessionNotCreatedException"><![CDATA[org.openqa.selenium.SessionNotCreatedException: 
Could not start a new session. Response code 404. Message: The requested resource could not be found, or a request was received using an HTTP method that is not supported by the mapped resource 
Host info: host: 'ALI-MAHMOUD', ip: '192.168.1.5'
Build info: version: '4.15.0', revision: '1d14b5521b'
System info: os.name: 'Windows 10', os.arch: 'amd64', os.version: '10.0', java.version: '17.0.8.1'
Driver info: io.appium.java_client.android.AndroidDriver
Command: [null, newSession {capabilities=[{appium:deviceName=emulator-5554, platformName=ANDROID, appium:automationName=UIAutomator2, appium:app=C:\Users\ali.mahmoud\eclipse-workspace\Testappium\src\test\java\resources\Calculator.apk}], desiredCapabilities=Capabilities {appium:app: C:\Users\ali.mahmoud\eclips..., appium:automationName: UIAutomator2, appium:deviceName: emulator-5554, platformName: ANDROID}}]
Capabilities {appium:app: C:\Users\ali.mahmoud\eclips..., appium:automationName: UIAutomator2, appium:deviceName: emulator-5554, platformName: ANDROID}
	at org.openqa.selenium.remote.ProtocolHandshake.createSession(ProtocolHandshake.java:140)
	at java.base/jdk.internal.reflect.NativeMethodAccessorImpl.invoke0(Native Method)
	at java.base/jdk.internal.reflect.NativeMethodAccessorImpl.invoke(NativeMethodAccessorImpl.java:77)
	at java.base/jdk.internal.reflect.DelegatingMethodAccessorImpl.invoke(DelegatingMethodAccessorImpl.java:43)
	at java.base/java.lang.reflect.Method.invoke(Method.java:568)
	at io.appium.java_client.remote.AppiumProtocolHandshake.createSession(AppiumProtocolHandshake.java:133)
	at io.appium.java_client.remote.AppiumProtocolHandshake.createSession(AppiumProtocolHandshake.java:102)
	at io.appium.java_client.remote.AppiumCommandExecutor.createSession(AppiumCommandExecutor.java:177)
	at io.appium.java_client.remote.AppiumCommandExecutor.execute(AppiumCommandExecutor.java:238)
	at org.openqa.selenium.remote.RemoteWebDriver.execute(RemoteWebDriver.java:607)
	at io.appium.java_client.AppiumDriver.startSession(AppiumDriver.java:268)
	at org.openqa.selenium.remote.RemoteWebDriver.<init>(RemoteWebDriver.java:168)
	at io.appium.java_client.AppiumDriver.<init>(AppiumDriver.java:90)
	at io.appium.java_client.AppiumDriver.<init>(AppiumDriver.java:102)
	at io.appium.java_client.android.AndroidDriver.<init>(AndroidDriver.java:109)
	at appium.AppiumTest.configureAppium(AppiumTest.java:26)
	at java.base/jdk.internal.reflect.NativeMethodAccessorImpl.invoke0(Native Method)
	at java.base/jdk.internal.reflect.NativeMethodAccessorImpl.invoke(NativeMethodAccessorImpl.java:77)
	at java.base/jdk.internal.reflect.DelegatingMethodAccessorImpl.invoke(DelegatingMethodAccessorImpl.java:43)
	at java.base/java.lang.reflect.Method.invoke(Method.java:568)
	at org.testng.internal.invokers.MethodInvocationHelper.invokeMethod(MethodInvocationHelper.java:139)
	at org.testng.internal.invokers.TestInvoker.invokeMethod(TestInvoker.java:677)
	at org.testng.internal.invokers.TestInvoker.invokeTestMethod(TestInvoker.java:221)
	at org.testng.internal.invokers.MethodRunner.runInSequence(MethodRunner.java:50)
	at org.testng.internal.invokers.TestInvoker$MethodInvocationAgent.invoke(TestInvoker.java:969)
	at org.testng.internal.invokers.TestInvoker.invokeTestMethods(TestInvoker.java:194)
	at org.testng.internal.invokers.TestMethodWorker.invokeTestMethods(TestMethodWorker.java:148)
	at org.testng.internal.invokers.TestMethodWorker.run(TestMethodWorker.java:128)
	at java.base/java.util.ArrayList.forEach(ArrayList.java:1511)
	at org.testng.TestRunner.privateRun(TestRunner.java:829)
	at org.testng.TestRunner.run(TestRunner.java:602)
	at org.testng.SuiteRunner.runTest(SuiteRunner.java:437)
	at org.testng.SuiteRunner.runSequentially(SuiteRunner.java:431)
	at org.testng.SuiteRunner.privateRun(SuiteRunner.java:391)
	at org.testng.SuiteRunner.run(SuiteRunner.java:330)
	at org.testng.SuiteRunnerWorker.runSuite(SuiteRunnerWorker.java:52)
	at org.testng.SuiteRunnerWorker.run(SuiteRunnerWorker.java:95)
	at org.testng.TestNG.runSuitesSequentially(TestNG.java:1256)
	at org.testng.TestNG.runSuitesLocally(TestNG.java:1176)
	at org.testng.TestNG.runSuites(TestNG.java:1099)
	at org.testng.TestNG.run(TestNG.java:1067)
	at org.apache.maven.surefire.testng.TestNGExecutor.run(TestNGExecutor.java:155)
	at org.apache.maven.surefire.testng.TestNGDirectoryTestSuite.executeSingleClass(TestNGDirectoryTestSuite.java:102)
	at org.apache.maven.surefire.testng.TestNGDirectoryTestSuite.execute(TestNGDirectoryTestSuite.java:91)
	at org.apache.maven.surefire.testng.TestNGProvider.invoke(TestNGProvider.java:137)
	at org.apache.maven.surefire.booter.ForkedBooter.runSuitesInProcess(ForkedBooter.java:385)
	at org.apache.maven.surefire.booter.ForkedBooter.execute(ForkedBooter.java:162)
	at org.apache.maven.surefire.booter.ForkedBooter.run(ForkedBooter.java:507)
	at org.apache.maven.surefire.booter.ForkedBooter.main(ForkedBooter.java:495)
]]></failure>
    <system-err><![CDATA[SLF4J: No SLF4J providers were found.
SLF4J: Defaulting to no-operation (NOP) logger implementation
SLF4J: See https://www.slf4j.org/codes.html#noProviders for further details.
]]></system-err>
  </testcase>
</testsuite>