<?xml version="1.0" encoding="UTF-8"?>
<!-- Generated by org.testng.reporters.JUnitXMLReporter -->
<testsuite ignored="0" hostname="ali-mahmoud" failures="1" tests="1" name="Surefire test" time="2.908" errors="0" timestamp="2023-11-13T11:37:17 EET">
  <testcase classname="appium.AppiumTest" name="configureAppium" time="2.732">
    <failure type="org.openqa.selenium.SessionNotCreatedException" message="Could not start a new session. Response code 404. Message: The requested resource could not be found, or a request was received using an HTTP method that is not supported by the mapped resource 
Host info: host: &amp;apos;ALI-MAHMOUD&amp;apos;, ip: &amp;apos;192.168.1.5&amp;apos;
Build info: version: &amp;apos;4.15.0&amp;apos;, revision: &amp;apos;1d14b5521b&amp;apos;
System info: os.name: &amp;apos;Windows 10&amp;apos;, os.arch: &amp;apos;amd64&amp;apos;, os.version: &amp;apos;10.0&amp;apos;, java.version: &amp;apos;17.0.8.1&amp;apos;
Driver info: io.appium.java_client.android.AndroidDriver
Command: [null, newSession {capabilities=[{appium:deviceName=emulator-5554, platformName=ANDROID, appium:automationName=UIAutomator2, appium:app=C:\Users\ali.mahmoud\eclipse-workspace\Testappium\src\test\java\resources\Calculator.apk}], desiredCapabilities=Capabilities {appium:app: C:\Users\ali.mahmoud\eclips..., appium:automationName: UIAutomator2, appium:deviceName: emulator-5554, platformName: ANDROID}}]
Capabilities {appium:app: C:\Users\ali.mahmoud\eclips..., appium:automationName: UIAutomator2, appium:deviceName: emulator-5554, platformName: ANDROID}">
      <![CDATA[org.openqa.selenium.SessionNotCreatedException: Could not start a new session. Response code 404. Message: The requested resource could not be found, or a request was received using an HTTP method that is not supported by the mapped resource 
Host info: host: 'ALI-MAHMOUD', ip: '192.168.1.5'
Build info: version: '4.15.0', revision: '1d14b5521b'
System info: os.name: 'Windows 10', os.arch: 'amd64', os.version: '10.0', java.version: '17.0.8.1'
Driver info: io.appium.java_client.android.AndroidDriver
Command: [null, newSession {capabilities=[{appium:deviceName=emulator-5554, platformName=ANDROID, appium:automationName=UIAutomator2, appium:app=C:\Users\ali.mahmoud\eclipse-workspace\Testappium\src\test\java\resources\Calculator.apk}], desiredCapabilities=Capabilities {appium:app: C:\Users\ali.mahmoud\eclips..., appium:automationName: UIAutomator2, appium:deviceName: emulator-5554, platformName: ANDROID}}]
Capabilities {appium:app: C:\Users\ali.mahmoud\eclips..., appium:automationName: UIAutomator2, appium:deviceName: emulator-5554, platformName: ANDROID}
at org.openqa.selenium.remote.ProtocolHandshake.createSession(ProtocolHandshake.java:140)
at io.appium.java_client.remote.AppiumProtocolHandshake.createSession(AppiumProtocolHandshake.java:133)
at io.appium.java_client.remote.AppiumProtocolHandshake.createSession(AppiumProtocolHandshake.java:102)
at io.appium.java_client.remote.AppiumCommandExecutor.createSession(AppiumCommandExecutor.java:177)
at io.appium.java_client.remote.AppiumCommandExecutor.execute(AppiumCommandExecutor.java:238)
at org.openqa.selenium.remote.RemoteWebDriver.execute(RemoteWebDriver.java:607)
at io.appium.java_client.AppiumDriver.startSession(AppiumDriver.java:268)
at org.openqa.selenium.remote.RemoteWebDriver.<init>(RemoteWebDriver.java:168)
at io.appium.java_client.AppiumDriver.<init>(AppiumDriver.java:90)
at io.appium.java_client.AppiumDriver.<init>(AppiumDriver.java:102)
at io.appium.java_client.android.AndroidDriver.<init>(AndroidDriver.java:109)
at appium.AppiumTest.configureAppium(AppiumTest.java:26)
at java.base/java.util.ArrayList.forEach(ArrayList.java:1511)
... Removed 36 stack frames]]>
    </failure>
  </testcase> <!-- configureAppium -->
</testsuite> <!-- Surefire test -->
