<?xml version="1.0" encoding="UTF-8"?>
<!-- Generated by org.testng.reporters.JUnitReportReporter -->
<testsuite hostname="ali-mahmoud" failures="0" tests="1" name="dWTestRunner.DWTestRunner" time="73.199" errors="1" timestamp="2024-12-12T20:28:43 EET" skipped="0">
  <testcase classname="dWTestRunner.DWTestRunner" name="runScenario" time="73.199">
    <error message="An element could not be located on the page using the given search parameters.
For documentation on this error, please visit: https://www.selenium.dev/documentation/webdriver/troubleshooting/errors#no-such-element-exception
Build info: version: &#039;4.25.0&#039;, revision: &#039;8a8aea2337&#039;
System info: os.name: &#039;Windows 10&#039;, os.arch: &#039;amd64&#039;, os.version: &#039;10.0&#039;, java.version: &#039;21.0.1&#039;
Driver info: io.appium.java_client.android.AndroidDriver
Command: [666e825c-ef17-42df-b91c-919e6ec051ca, findElement {value=(//android.widget.ImageView[@content-desc=&quot;contacts&quot;])[1], using=xpath}]
Capabilities {appium:app: C:\Users\ali.mahmoud\git\Te..., appium:appPackage: io.getment.stg, appium:automationName: UiAutomator2, appium:databaseEnabled: false, appium:desired: {app: C:\Users\ali.mahmoud\git\Te..., appPackage: io.getment.stg, automationName: UiAutomator2, deviceName: emulator-5554, fullReset: false, noReset: false, platformName: ANDROID, platformVersion: 14.0}, appium:deviceApiLevel: 34, appium:deviceManufacturer: unknown, appium:deviceModel: Android SDK built for x86_64, appium:deviceName: emulator-5554, appium:deviceScreenDensity: 560, appium:deviceScreenSize: 1440x3120, appium:deviceUDID: emulator-5554, appium:fullReset: false, appium:javascriptEnabled: true, appium:locationContextEnabled: false, appium:networkConnectionEnabled: true, appium:noReset: false, appium:pixelRatio: 3.5, appium:platformVersion: 14, appium:statBarHeight: 84, appium:takesScreenshot: true, appium:viewportRect: {height: 2868, left: 0, top: 84, width: 1440}, appium:warnings: {}, appium:webStorageEnabled: false, platformName: ANDROID}
Session ID: 666e825c-ef17-42df-b91c-919e6ec051ca" type="org.openqa.selenium.NoSuchElementException">
      <![CDATA[org.openqa.selenium.NoSuchElementException: An element could not be located on the page using the given search parameters.
For documentation on this error, please visit: https://www.selenium.dev/documentation/webdriver/troubleshooting/errors#no-such-element-exception
Build info: version: '4.25.0', revision: '8a8aea2337'
System info: os.name: 'Windows 10', os.arch: 'amd64', os.version: '10.0', java.version: '21.0.1'
Driver info: io.appium.java_client.android.AndroidDriver
Command: [666e825c-ef17-42df-b91c-919e6ec051ca, findElement {value=(//android.widget.ImageView[@content-desc="contacts"])[1], using=xpath}]
Capabilities {appium:app: C:\Users\ali.mahmoud\git\Te..., appium:appPackage: io.getment.stg, appium:automationName: UiAutomator2, appium:databaseEnabled: false, appium:desired: {app: C:\Users\ali.mahmoud\git\Te..., appPackage: io.getment.stg, automationName: UiAutomator2, deviceName: emulator-5554, fullReset: false, noReset: false, platformName: ANDROID, platformVersion: 14.0}, appium:deviceApiLevel: 34, appium:deviceManufacturer: unknown, appium:deviceModel: Android SDK built for x86_64, appium:deviceName: emulator-5554, appium:deviceScreenDensity: 560, appium:deviceScreenSize: 1440x3120, appium:deviceUDID: emulator-5554, appium:fullReset: false, appium:javascriptEnabled: true, appium:locationContextEnabled: false, appium:networkConnectionEnabled: true, appium:noReset: false, appium:pixelRatio: 3.5, appium:platformVersion: 14, appium:statBarHeight: 84, appium:takesScreenshot: true, appium:viewportRect: {height: 2868, left: 0, top: 84, width: 1440}, appium:warnings: {}, appium:webStorageEnabled: false, platformName: ANDROID}
Session ID: 666e825c-ef17-42df-b91c-919e6ec051ca
at java.base/jdk.internal.reflect.DirectConstructorHandleAccessor.newInstance(DirectConstructorHandleAccessor.java:62)
at java.base/java.lang.reflect.Constructor.newInstanceWithCaller(Constructor.java:502)
at java.base/java.lang.reflect.Constructor.newInstance(Constructor.java:486)
at org.openqa.selenium.remote.ErrorCodec.decode(ErrorCodec.java:167)
at org.openqa.selenium.remote.codec.w3c.W3CHttpResponseCodec.decode(W3CHttpResponseCodec.java:138)
at org.openqa.selenium.remote.codec.w3c.W3CHttpResponseCodec.decode(W3CHttpResponseCodec.java:50)
at org.openqa.selenium.remote.HttpCommandExecutor.execute(HttpCommandExecutor.java:190)
at io.appium.java_client.remote.AppiumCommandExecutor.execute(AppiumCommandExecutor.java:237)
at org.openqa.selenium.remote.RemoteWebDriver.execute(RemoteWebDriver.java:545)
at org.openqa.selenium.remote.ElementLocation$ElementFinder$2.findElement(ElementLocation.java:165)
at org.openqa.selenium.remote.ElementLocation.findElement(ElementLocation.java:59)
at org.openqa.selenium.remote.RemoteWebDriver.findElement(RemoteWebDriver.java:368)
at org.openqa.selenium.remote.RemoteWebDriver.findElement(RemoteWebDriver.java:362)
at Utilities.SeleniumUtils.clickElement(SeleniumUtils.java:38)
at dWPageRepo.DWFunctionLibrary.ClickSearchBtn(DWFunctionLibrary.java:77)
at dWStepDefinitions.StepDefinitions.user_logged_into_ment_application(StepDefinitions.java:81)
at ✽.the user is logged into the MENT app(file:///C:/Users/ali.mahmoud/git/Testappium/Testappium/src/test/resources/Android/Login.feature:6)
]]>
    </error>
  </testcase> <!-- runScenario -->
  <system-out/>
</testsuite> <!-- dWTestRunner.DWTestRunner -->
