<?xml version="1.0" encoding="UTF-8"?>
<testng-results ignored="0" total="1" passed="1" failed="0" skipped="0">
  <reporter-output>
  </reporter-output>
  <suite started-at="2024-12-12T19:46:43 EET" name="Default suite" finished-at="2024-12-12T19:48:08 EET" duration-ms="84337">
    <groups>
      <group name="cucumber">
        <method signature="AbstractTestNGCucumberTests.runScenario(io.cucumber.testng.PickleWrapper,io.cucumber.testng.FeatureWrapper)[pri:0, instance:dWTestRunner.DWTestRunner@70325e14]" name="runScenario" class="io.cucumber.testng.AbstractTestNGCucumberTests"/>
      </group> <!-- cucumber -->
    </groups>
    <test started-at="2024-12-12T19:46:43 EET" name="Default test" finished-at="2024-12-12T19:48:08 EET" duration-ms="84337">
      <class name="dWTestRunner.DWTestRunner">
        <test-method is-config="true" signature="setUpClass(org.testng.ITestContext)[pri:0, instance:dWTestRunner.DWTestRunner@70325e14]" started-at="2024-12-12T19:46:43 EET" name="setUpClass" finished-at="2024-12-12T19:46:44 EET" duration-ms="736" status="PASS">
          <params>
            <param index="0">
              <value>
                <![CDATA[org.testng.TestRunner@6c575325]]>
              </value>
            </param>
          </params>
          <reporter-output>
          </reporter-output>
        </test-method> <!-- setUpClass -->
        <test-method signature="runScenario(io.cucumber.testng.PickleWrapper,io.cucumber.testng.FeatureWrapper)[pri:0, instance:dWTestRunner.DWTestRunner@70325e14]" started-at="2024-12-12T19:46:44 EET" name="runScenario" description="Runs Cucumber Scenarios" data-provider="scenarios" finished-at="2024-12-12T19:48:08 EET" duration-ms="83479" status="PASS">
          <params>
            <param index="0">
              <value>
                <![CDATA["Ment-111 - verify Search for a contact and log out"]]>
              </value>
            </param>
            <param index="1">
              <value>
                <![CDATA["Verify Login"]]>
              </value>
            </param>
          </params>
          <reporter-output>
          </reporter-output>
        </test-method> <!-- runScenario -->
        <test-method is-config="true" signature="tearDownClass()[pri:0, instance:dWTestRunner.DWTestRunner@70325e14]" started-at="2024-12-12T19:48:08 EET" name="tearDownClass" finished-at="2024-12-12T19:48:08 EET" duration-ms="23" status="PASS">
          <reporter-output>
          </reporter-output>
        </test-method> <!-- tearDownClass -->
      </class> <!-- dWTestRunner.DWTestRunner -->
    </test> <!-- Default test -->
  </suite> <!-- Default suite -->
</testng-results>
